USA HOT CHICKS 6
TYPHOONS 5
TULIPS 6
TOUCANS 4
TIGERS 7
TERRIFIC TIGERS 7
TEAM USA 6
TEAL TITANS 7
TANGERINES 5
SURGE 5
SUNKISSED 5
SUGER BEES 5
STRIKE FORCE 7
STARFISH 5
SPRINTERS 8
SPEEDY TURTLES 5
SPARKS 6
SOUR APPLE 4
SNOW DEVILS 5
SMASHING CLOVERS 4
SILVER SURFERS 4
SILVER SHARKS 5
SILVER BUTTERFLIES 5
SHARK ATTACK 4
SCREAMING EAGLES 6
MONARCHS 5
MILLENNIUM JUMPERS 5
MIGHTY RAPTORS 4
MIGHTY GRASSHOPPERS 6
MENEHUNES 4
MASTER MEWTWO 5
MANTIS 6
MAGENTA RAVENS 6
FUGITIVES 5
FLYERS 4
FLAMES 3
FIRE KRAKERS 5
FIRE CRACKER 5
FIRE STRIKERS 5
FIRE ANGELS 6
FEISTY CHICKS 6
AWESOME BLOSSOMS 5
ATLAS 6
ANTEATERS 4
AMERICAN WOMAN 6
ALMOST ANGELS 6
AGUlLAS 6
Cei 4 fantastici 6
Winner 7
Monster 5
L & M 6
Pic si Poc 4
Do Not Stop 4
Savage 5
Night Eagels 6
4Team 5
Jiga Dragos 4
Ferocious Killers 7
The Abusement Park 7
Gangs of New Pork 5
Awkward Armadillos 4
Fargo Woodchippers 6
We Got the Runs 4
The Waiver Wire 4
