VELOCE CHICKS 6
USA HOT CHICKS 5
UN MELLOW YELLOW 5
TYPHOONS 4
TULIPS 9
TROPICAL STORM 4
TOUCANS 4
TONYs TIGERSSS 4
TITANS 7
TIGERS 7
TIDAL WAVES 9
TERRIFIC TIGERS 5
TEH DRAGONS 8
TEAM USA 4
TEAM DYNAMITE 7
TEAL TITANS 8
TAZMANIACS 6
TANGERINES 4
T -BIRDS 6
SURGE 5
SUPER STARS 5
SUNKISSED 7
SUN CHICKS 6
SUGER BEES 4
STRIKING COBRAS 6
STRIKE FORCE 8
STINKY CHEESE 5
STATIC X 4
STARFISH 6
STAR JETS MACH I 8
SPRINTERS 9
SPITFIRE 5
SPEEDY TURTLES 6
SPEED DEMONS 7
SPARKS 5
SOUL TAKERS 5
SOUR APPLE 4
SOCCER CHICKS 4
SOC-R-MON 5
SNOW DEVILS 5
SMASHING CLOVERS 6
SILVER X- TREME 4
SILVER SURFERS 4
SILVER SHARKS 7
SILVER KNIGHTS 4
SILVER BUTTERFLIES 5
SHOCKWAVE 3
SHARK ATTACK 6
SECURITY SMURFS 7
SCREAMING EAGLES 4
SCORING ANGELS 4
MUTINY 4
MONSOON 4
MONARCHS 5
MIRAGE 7
MILLENNIUM JUMPERS 4
MIGHTY STINGRAYS 4
MIGHTY RAPTORS 4
MIGHTY MERMAIDS 5
MIGHTY GRASSHOPPERS 8
MIDNIGHT RAIDERS 3
MIDNIGHT EXPRESS 5
MENEHUNES 4
MEAN GREEN FIGHTING MACHINE 6
MASTER MEWTWO 5
MAROON MADNESS 5
MANTIS 6
MAJOR TROUBLE  4
MAGENTA RAVENS 8
FURY GIRLS 4
FUGITIVES 5
FORCE  5
FLYERS 4
FLASH BACK 4
FLAME BOYS 6
FIRE KRAKERS 5
FLAMING HOT CHEETOS 6
FIRE CRACKER 4
FIREBIRDS 5
FIRE STRIKERS 5
FIRE BLASTERS 5
FIRE ANGELS 7
FIGHTING TIGERS 6
FEISTY CHICKS 5
FALCONS 6
AWESOME BLOSSOMS 5
ATOMS 7
ATLAS 5
ARSENAL 5
ANTEATERS 3
ANGELS GONE BAD 9
AMERICAN WOMAN 4
AMERICAN BEAUTIES 6
ALMOST ANGELS 6
ALIGATORS  6
AGUlLAS 6
Hellacious Hackers 6
Cei 4 fantastici 6
Fanstasticii 7
Winner 7
Spartanii 6
Monster 4
Albus si Galbenus 4
L & M 7
Black swans 4
Pic si Poc 4
No Fear 3
Do Not Stop 5
Free runing boys 6
Savage 4
Bestialele 5
Night Eagels 6
Fratii Caramida 3
4Team 7
MO si F.O.C.A 7
Land Sharks 9
Ferocious Killers 5
Young Tarts and Old Farts 6
The Abusement Park 9
Civil Disobedients 7
Gangs of New Pork 3
Magnificent Maniacs 4
Awkward Armadillos 4
Ibuprofen and Ben Gay 7
Fargo Woodchippers 5
Menace to Sobriety 5
We Got the Runs 3
The Waiver Wire 7
