VALLEY GIRLS 6
TUFF-E-NUFF 7
TIMBERWOLVES 6
TIDAL WAVES 8
TERMINATORS 6
TEAM ROCKETS 5
TEAL TITANS 7
SWEETHEARTS 7
SUNFLOWER GIRLS 6
SUGER BEES 5
STRIKERS 6
STINGRAYS 5
STAR SHOOTERS 7
SPLASH 8
SPEEDY TURTLES 5
SPARK PLUGS 7
SMASHING PUMPKINS 5
SILVER PANTHERS 6
SILVER BUTTERFLIES 5
SECURITY SMURFS 8
MIND TRIP 7
MIGHTY PANTHERS 4
MIGHTY DUCKS 6
MERCENARIES 4
MEAN GREEN ALIENS 6
MAROON MADNESS 4
MANARCHS 5
MAD DOGS 7
FUGITIVES 4
FLYING DRAGONS 4
FLASH 4
FLAME BOYS 4
FLAMING TIGERS 6
FIRE CRACKERS 4
FIRE STRIKERS 6
FIRE ANTS 5
FIGHTING IRISH  8
FALCONS 5
AVALANCHE 6
ASH KICKERS 5
ANTEATERS 4
ANACONDAS 6
AMERICAN BABES 6
ALIGATORS  6
0% ANGELS  6
Cei 3 muschetari 6
Winner 8
Mistretii Atomici 6
Elixir Junior 4
Black swans 5
Legalize 4
Pufuletii 5
Savage 4
Konfetti 5
The Skyrynners 5
MO si F.O.C.A 7
Shooting Stars 4
Defending Champs 7
The Abusement Park 7
Chunky Monkees 5
Chafing the Dream 5
Ibuprofen and Ben Gay 5
The Big Egos 6
The Waiver Wire 5
