Fratii Camataru 7
Cei 4 fantastici 7
Cercetasele 6
Sirenele 8
Winner 7
Cota 50 6
Monster 6
Cozonacu si Stomacu 6
L & M 7
Pic si Poc 6
Do Not Stop 6
Flavius*2 7
Eugenia 6
Night Eagels 6
The Skyrynners 7
4Team 6
Castigatorii 6
Extrem Boys 5
Shooting Stars 8
Fear the Fearless 6
Ferocious Killers 7
Goal Diggers 8
Wonder Women 6
The Abusement Park 8
The Drifters 6
Mad Cow Disease 5
Gangs of New Pork 5
Chafing the Dream 9
Honey Badgers 9
Between a Walk and a Hard Pace 5
The Big Egos 7
The Waiver Wire 8
