VENOM 7
VALLEY GIRLS 7
UL TRA VIOLETS 9
TULIPS 9
TOUCANS 7
TIMBERWOLVES 9
TIGERS 6
TIGER LlLL YS 9
TERRIFIC TIGERS 8
TERMINATORS 7
TEEIE WAHINES 7
TEAM KAOS 7
TEAM BUBBLICIOUS 7
TEAL TITANS 8
TAZMANIAN DEVILS 7
T -DAWGS 6
SWEETHEARTS 8
SUNKISSED 8
SUGAR PLUMS 6
SUGER BEES 6
STRIKING CANDY CANES 8
STRIKE FORCE 8
STARS 5
STARFISH 8
STAR SHOOTERS 8
STAR BURSTS 9
SPRINTERS 8
SPITFIRES 7
SPEEDY TURTLES 8
SPEED DEMONS 6
SPEED 9
SPACE BABES 6
SOCCER DIVAS 5
SOCCER ANGELS 7
SNOW DEVILS 5
SMURF-U 7
SMASHING CLOVERS 5
SILVER SURFERS 5
SILVER STARS 8
SILVER SHARKS 6
SILVER JETS 5
SILVER BUTTERFLIES 6
SHARK ATTACK 8
SERPENTS 9
SEALS 6
MYSTICS 5
MUD DOGS 5
MONARCHS 5
MOHAWKS 7
MIND TRIP 7
MIGHTY RAPTORS 5
MIGHTY MANIACS 7
MIGHTY GRASSHOPPERS 9
MIGHTY BLUE ANGELS 5
MERCURY 6
MEAN GREEN GECKOS 6
MEAN GREEN ALIENS 8
MAROON MONKEYS 5
MARLINS 5
MANTIS 8
MAG PIES 6
MAGENTA RAVENS 8
FUSION 5
FUGITIVES 8
FRAZZLE DAZZLE 7
FLYERS 5
FLASH 6
FLAME KICKERS 6
FIRE KRAKERS 8
FLAMING TIGERS 8
FLAMING DRAGONS 5
FIREBOLTS 6
FIREBALLS 5
FIRE STRIKERS 5
FIRE GIRLS 5
FIRE BALLS 7
FIRE ANGELS 7
FIRE 7
FIGHTING IRISH  7
FARIA FARMS 6
FALCON 8
AVALANCHE 7
ATOMIC ICE 9
ARSENALS  6
ANGELS WITH ATTITUDE 8
ANGELS  8
AMERICAN EAGLES 8
ALMOST ANGELS 7
ALLIGATORS  5
ALIEN PANTHERS ALIENS  6
AGUlLAS 7
0% ANGELS  5
Fratii Camataru 7
Cei 4 fantastici 7
Cercetasele 6
Sirenele 8
Winner 7
TNT 5
Cota 50 6
Monster 6
Cozonacu si Stomacu 6
L & M 7
Big Hands Hit Hard 5
Pic si Poc 6
Legalize 5
Do Not Stop 6
Flavius*2 7
Eugenia 6
Clanu Nicula 5
Night Eagels 6
The Skyrynners 7
4Team 6
Castigatorii 6
Extrem Boys 5
Shooting Stars 8
Fear the Fearless 6
Ferocious Killers 7
Goal Diggers 8
Wonder Women 6
The Abusement Park 8
The Drifters 6
Mad Cow Disease 5
Gangs of New Pork 5
Chafing the Dream 9
Honey Badgers 9
Between a Walk and a Hard Pace 5
The Big Egos 7
The Waiver Wire 8
